INFO: [HLS 200-10] Running 'C:/Xilinx/Vitis_HLS/2021.2/bin/unwrapped/win64.o/vitis_hls.exe'
INFO: [HLS 200-10] For user 'addis' on host 'cloctavia' (Windows NT_amd64 version 6.2) on Mon May 02 01:13:53 -0400 2022
INFO: [HLS 200-10] In directory 'C:/Users/addis/OneDrive/Documents/GitHub/ECE418'
Sourcing Tcl script 'C:/Users/addis/OneDrive/Documents/GitHub/ECE418/ECE418FinalProject/solution1/export.tcl'
INFO: [HLS 200-1510] Running: open_project ECE418FinalProject 
INFO: [HLS 200-10] Opening project 'C:/Users/addis/OneDrive/Documents/GitHub/ECE418/ECE418FinalProject'.
INFO: [HLS 200-1510] Running: set_top main 
INFO: [HLS 200-1510] Running: add_files ECE418FinalProject/fullCode.c 
INFO: [HLS 200-10] Adding design file 'ECE418FinalProject/fullCode.c' to the project
INFO: [HLS 200-1510] Running: add_files -tb ECE418FinalProject/fullCode.c -cflags -Wno-unknown-pragmas -csimflags -Wno-unknown-pragmas 
INFO: [HLS 200-10] Adding test bench file 'ECE418FinalProject/fullCode.c' to the project
INFO: [HLS 200-1510] Running: open_solution solution1 -flow_target vivado 
INFO: [HLS 200-10] Opening solution 'C:/Users/addis/OneDrive/Documents/GitHub/ECE418/ECE418FinalProject/solution1'.
INFO: [SYN 201-201] Setting up clock 'default' with a period of 10ns.
INFO: [HLS 200-1611] Setting target device to 'xc7a100t-csg324-1'
INFO: [HLS 200-1505] Using flow_target 'vivado'
Resolution: For help on HLS 200-1505 see www.xilinx.com/cgi-bin/docs/rdoc?v=2021.2;t=hls+guidance;d=200-1505.html
INFO: [HLS 200-1464] Running solution command: config_export -output=C:/Users/addis/Desktop
INFO: [HLS 200-1510] Running: set_part xc7a100t-csg324-1 
INFO: [HLS 200-1510] Running: create_clock -period 10 -name default 
INFO: [HLS 200-1510] Running: config_export -output C:/Users/addis/Desktop 
INFO: [HLS 200-1510] Running: set_directive_top -name main main 
INFO: [HLS 200-1510] Running: export_design -rtl verilog -format ip_catalog -output C:/Users/addis/Desktop 
INFO: [IMPL 213-8] Exporting RTL as a Vivado IP.

****** Vivado v2021.2 (64-bit)
  **** SW Build 3367213 on Tue Oct 19 02:48:09 MDT 2021
  **** IP Build 3369179 on Thu Oct 21 08:25:16 MDT 2021
    ** Copyright 1986-2021 Xilinx, Inc. All Rights Reserved.

source run_ippack.tcl -notrace
ipx::create_core: Time (s): cpu = 00:00:05 ; elapsed = 00:00:06 . Memory (MB): peak = 1553.004 ; gain = 0.000
ERROR: '2205020113' is an invalid argument. Please specify an integer value.
    while executing
"rdi::set_property core_revision 2205020113 {component component_1}"
    invoked from within
"set_property core_revision $Revision $core"
    (file "run_ippack.tcl" line 797)
INFO: [Common 17-206] Exiting Vivado at Mon May  2 01:14:18 2022...
ERROR: [IMPL 213-28] Failed to generate IP.
INFO: [HLS 200-111] Finished Command export_design CPU user time: 1 seconds. CPU system time: 0 seconds. Elapsed time: 20.884 seconds; current allocated memory: 0.000 MB.
command 'ap_source' returned error code
    while executing
"source C:/Users/addis/OneDrive/Documents/GitHub/ECE418/ECE418FinalProject/solution1/export.tcl"
    invoked from within
"hls::main C:/Users/addis/OneDrive/Documents/GitHub/ECE418/ECE418FinalProject/solution1/export.tcl"
    ("uplevel" body line 1)
    invoked from within
"uplevel 1 hls::main {*}$newargs"
    (procedure "hls_proc" line 16)
    invoked from within
"hls_proc [info nameofexecutable] $argv"
INFO: [HLS 200-112] Total CPU user time: 5 seconds. Total CPU system time: 3 seconds. Total elapsed time: 25.328 seconds; peak allocated memory: 1.318 GB.
