#-----------------------------------------------------------
# Vivado v2021.2 (64-bit)
# SW Build 3367213 on Tue Oct 19 02:48:09 MDT 2021
# IP Build 3369179 on Thu Oct 21 08:25:16 MDT 2021
# Start of session at: Mon May  2 01:14:01 2022
# Process ID: 19212
# Current directory: C:/Users/addis/OneDrive/Documents/GitHub/ECE418/ECE418FinalProject/solution1/impl/ip
# Command line: vivado.exe -notrace -mode batch -source run_ippack.tcl
# Log file: C:/Users/addis/OneDrive/Documents/GitHub/ECE418/ECE418FinalProject/solution1/impl/ip/vivado.log
# Journal file: C:/Users/addis/OneDrive/Documents/GitHub/ECE418/ECE418FinalProject/solution1/impl/ip\vivado.jou
# Running On: Cloctavia, OS: Windows, CPU Frequency: 2712 MHz, CPU Physical cores: 4, Host memory: 34315 MB
#-----------------------------------------------------------
source run_ippack.tcl -notrace
ipx::create_core: Time (s): cpu = 00:00:05 ; elapsed = 00:00:06 . Memory (MB): peak = 1553.004 ; gain = 0.000
ERROR: '2205020113' is an invalid argument. Please specify an integer value.
    while executing
"rdi::set_property core_revision 2205020113 {component component_1}"
    invoked from within
"set_property core_revision $Revision $core"
    (file "run_ippack.tcl" line 797)
INFO: [Common 17-206] Exiting Vivado at Mon May  2 01:14:18 2022...
