INFO: [SIM 2] *************** CSIM start ***************
INFO: [SIM 4] CSIM will launch GCC as the compiler.
   Compiling(apcc) ../../../fullCode.c in debug mode
INFO: [HLS 200-10] Running 'C:/Xilinx/Vitis_HLS/2020.2/bin/unwrapped/win64.o/apcc.exe'
INFO: [HLS 200-10] For user 'phelana' on host 'ece419-92rt0q2' (Windows NT_amd64 version 6.2) on Wed Apr 20 15:11:15 -0400 2022
INFO: [HLS 200-10] In directory 'C:/Users/phelana/Desktop/ECE418-main/ECE418-main/ECE418FinalProject/solution1/csim/build'
INFO: [APCC 202-3] Tmp directory is C:/tmp/apcc_db_phelana/32123253029568
INFO: [APCC 202-1] APCC is done.
   Generating csim.exe


copied message: 01101000 01100101 01101100 01101100 01101111 00100000 01110111 01101111 01110010 01101100 01100100




everything padded: 01101000 01100101 01101100 01101100 01101111 00100000 01110111 01101111 01110010 01101100 01100100100000000000000000000000000000000000000000000000000000000000000000000000000000000000000000000000000000000000000000000000000000000000000000000000000000000000000000000000000000000000000000000000000000000000000000000000000000000000000000000000000000000000000000000000000000000000000000000000000000000000000000000000000000000000000000000000000000000000000000000000000000000000000000000000000000000000000000000001100010










block 0: 01101000 01100101 01101100 01101100 01101111 00100000 01110111 01101111 01110010 01101100 01100100100000000000000000000000000000000000000000000000000000000000000000000000000000000000000000000000000000000000000000000000000000000000000000000000000000000000000000000000000000000000000000000000000000000000000000000000000000000000000000000000000000000000000000000000000000000000000000000000000000000000000000000000000000000000000000000000000000000000000000000000000000000000000000000000000000000000000000000001100010



split block 01101000 01100101 01101100 01101
word 0 1748146957

MESSAGE SCHEDULE
01101000001100101001101100001101
00000000011001010000000001000100
00000000011010110000000001110011
00000000011011110000000001110100
00000000010111000000000001110000
00000000010000110000000001000101
00010011000000000000001000010001
00000000001110000000000000110001
00000000011011010000000000101101
00000000011010010000000001100001
00010011000000000000001000010001
00000000010000110000000001000101
00000000001101000000000001000101
00000000001110000000000000110001
00010011000000000000001000010001
00000000011010010000000001100001
00110010000001110111000101011111
11011001101100110011001011100010
01111111010001110011110101101100
11100000101100001011001111110101
11000011101100100000100000111101
00110011111111010110011100111110
01110101011001010010011110100111
01101011101110011100110010000110
10010011011011111111001001111100
10000000001110111001100100101011
00111101101011110011110001000100
01001101111011001110111110000011
00001111111000101000101000111000
10000000100000100010000011001110
00010101001010000111111101011100
11111000001011000010111111111110
11011101111111101100001100001101
00101111101011011110110101000100
11001001010101000010011100010100
00110011101000111000110110000000
01100111111111100100110001101010
00001010010100101001000111000010
11001111101101001010100100011111
01010111010010010010010111001010
10110100000010101011011011011111
01000000101110010010100111011110
10100110000001101000111101000001
00111011000111011001100110011001
00001011000011010110001011010010
01110101100000001010000111010111
10001000101011010101000010010000
11101100111111101110110111001101
00010101100101011111100010011011
11001110111101111000111111011001
00101101010000001000011111110110
10001001110011110100000010000010
01010001101110111110011011111001
10001100011110000011011111111100
00100011101000001010011000011111
01100010110110001111011011010111
11001001101010001010101110001011
11001000000101101101001001010101
10000011001111000000111001010101
10001010100011101100110110101011
00011111100101010110000111100001
10001010111111101111001000110011
00000110000010110110110000100100
00000001010010010111011001111011
INFO: [SIM 1] CSim done with 0 errors.
INFO: [SIM 3] *************** CSIM finish ***************
